# JRE version: Java(TM) SE Runtime Environment (8.0_301-b09) (build 1.8.0_301-b09)
# Java VM: Java HotSpot(TM) 64-Bit Server VM (25.301-b09 mixed mode windows-amd64 compressed oops)
Heap:
 PSYoungGen      total 64000K, used 27508K [0x0000000715c00000, 0x0000000719c00000, 0x00000007c0000000)
  eden space 62464K, 41% used [0x0000000715c00000,0x0000000717575258,0x0000000719900000)
  from space 1536K, 93% used [0x0000000719900000,0x0000000719a68000,0x0000000719a80000)
  to   space 1536K, 0% used [0x0000000719a80000,0x0000000719a80000,0x0000000719c00000)
 ParOldGen       total 899584K, used 579484K [0x00000005c1400000, 0x00000005f8280000, 0x0000000715c00000)
  object space 899584K, 64% used [0x00000005c1400000,0x00000005e49e72e8,0x00000005f8280000)
 Metaspace       used 37302K, capacity 37584K, committed 38144K, reserved 1081344K
  class space    used 5410K, capacity 5518K, committed 5632K, reserved 1048576K
GC Heap History (10 events):
Event: 103193.972 GC heap before
{Heap before GC invocations=2933 (full 4):
 PSYoungGen      total 64512K, used 63968K [0x0000000715c00000, 0x0000000719d00000, 0x00000007c0000000)
  eden space 62464K, 100% used [0x0000000715c00000,0x0000000719900000,0x0000000719900000)
  from space 2048K, 73% used [0x0000000719b00000,0x0000000719c78000,0x0000000719d00000)
  to   space 2048K, 0% used [0x0000000719900000,0x0000000719900000,0x0000000719b00000)
 ParOldGen       total 899584K, used 578828K [0x00000005c1400000, 0x00000005f8280000, 0x0000000715c00000)
  object space 899584K, 64% used [0x00000005c1400000,0x00000005e49432e8,0x00000005f8280000)
 Metaspace       used 37302K, capacity 37584K, committed 38144K, reserved 1081344K
  class space    used 5410K, capacity 5518K, committed 5632K, reserved 1048576K
Event: 103193.974 GC heap after
Heap after GC invocations=2933 (full 4):
 PSYoungGen      total 64512K, used 1440K [0x0000000715c00000, 0x0000000719d00000, 0x00000007c0000000)
  eden space 62464K, 0% used [0x0000000715c00000,0x0000000715c00000,0x0000000719900000)
  from space 2048K, 70% used [0x0000000719900000,0x0000000719a68000,0x0000000719b00000)
  to   space 2048K, 0% used [0x0000000719b00000,0x0000000719b00000,0x0000000719d00000)
 ParOldGen       total 899584K, used 578940K [0x00000005c1400000, 0x00000005f8280000, 0x0000000715c00000)
  object space 899584K, 64% used [0x00000005c1400000,0x00000005e495f2e8,0x00000005f8280000)
 Metaspace       used 37302K, capacity 37584K, committed 38144K, reserved 1081344K
  class space    used 5410K, capacity 5518K, committed 5632K, reserved 1048576K
}
Event: 103236.860 GC heap before
{Heap before GC invocations=2934 (full 4):
 PSYoungGen      total 64512K, used 63904K [0x0000000715c00000, 0x0000000719d00000, 0x00000007c0000000)
  eden space 62464K, 100% used [0x0000000715c00000,0x0000000719900000,0x0000000719900000)
  from space 2048K, 70% used [0x0000000719900000,0x0000000719a68000,0x0000000719b00000)
  to   space 2048K, 0% used [0x0000000719b00000,0x0000000719b00000,0x0000000719d00000)
 ParOldGen       total 899584K, used 578940K [0x00000005c1400000, 0x00000005f8280000, 0x0000000715c00000)
  object space 899584K, 64% used [0x00000005c1400000,0x00000005e495f2e8,0x00000005f8280000)
 Metaspace       used 37302K, capacity 37584K, committed 38144K, reserved 1081344K
  class space    used 5410K, capacity 5518K, committed 5632K, reserved 1048576K
Event: 103236.862 GC heap after
Heap after GC invocations=2934 (full 4):
 PSYoungGen      total 64000K, used 1440K [0x0000000715c00000, 0x0000000719c80000, 0x00000007c0000000)
  eden space 62464K, 0% used [0x0000000715c00000,0x0000000715c00000,0x0000000719900000)
  from space 1536K, 93% used [0x0000000719b00000,0x0000000719c68000,0x0000000719c80000)
  to   space 1536K, 0% used [0x0000000719980000,0x0000000719980000,0x0000000719b00000)
 ParOldGen       total 899584K, used 579068K [0x00000005c1400000, 0x00000005f8280000, 0x0000000715c00000)
  object space 899584K, 64% used [0x00000005c1400000,0x00000005e497f2e8,0x00000005f8280000)
 Metaspace       used 37302K, capacity 37584K, committed 38144K, reserved 1081344K
  class space    used 5410K, capacity 5518K, committed 5632K, reserved 1048576K
}
Event: 103279.427 GC heap before
{Heap before GC invocations=2935 (full 4):
 PSYoungGen      total 64000K, used 63904K [0x0000000715c00000, 0x0000000719c80000, 0x00000007c0000000)
  eden space 62464K, 100% used [0x0000000715c00000,0x0000000719900000,0x0000000719900000)
  from space 1536K, 93% used [0x0000000719b00000,0x0000000719c68000,0x0000000719c80000)
  to   space 1536K, 0% used [0x0000000719980000,0x0000000719980000,0x0000000719b00000)
 ParOldGen       total 899584K, used 579068K [0x00000005c1400000, 0x00000005f8280000, 0x0000000715c00000)
  object space 899584K, 64% used [0x00000005c1400000,0x00000005e497f2e8,0x00000005f8280000)
 Metaspace       used 37302K, capacity 37584K, committed 38144K, reserved 1081344K
  class space    used 5410K, capacity 5518K, committed 5632K, reserved 1048576K
Event: 103279.430 GC heap after
Heap after GC invocations=2935 (full 4):
 PSYoungGen      total 64000K, used 1472K [0x0000000715c00000, 0x0000000719d00000, 0x00000007c0000000)
  eden space 62464K, 0% used [0x0000000715c00000,0x0000000715c00000,0x0000000719900000)
  from space 1536K, 95% used [0x0000000719980000,0x0000000719af0000,0x0000000719b00000)
  to   space 2048K, 0% used [0x0000000719b00000,0x0000000719b00000,0x0000000719d00000)
 ParOldGen       total 899584K, used 579220K [0x00000005c1400000, 0x00000005f8280000, 0x0000000715c00000)
  object space 899584K, 64% used [0x00000005c1400000,0x00000005e49a52e8,0x00000005f8280000)
 Metaspace       used 37302K, capacity 37584K, committed 38144K, reserved 1081344K
  class space    used 5410K, capacity 5518K, committed 5632K, reserved 1048576K
}
Event: 103322.310 GC heap before
{Heap before GC invocations=2936 (full 4):
 PSYoungGen      total 64000K, used 63936K [0x0000000715c00000, 0x0000000719d00000, 0x00000007c0000000)
  eden space 62464K, 100% used [0x0000000715c00000,0x0000000719900000,0x0000000719900000)
  from space 1536K, 95% used [0x0000000719980000,0x0000000719af0000,0x0000000719b00000)
  to   space 2048K, 0% used [0x0000000719b00000,0x0000000719b00000,0x0000000719d00000)
 ParOldGen       total 899584K, used 579220K [0x00000005c1400000, 0x00000005f8280000, 0x0000000715c00000)
  object space 899584K, 64% used [0x00000005c1400000,0x00000005e49a52e8,0x00000005f8280000)
 Metaspace       used 37302K, capacity 37584K, committed 38144K, reserved 1081344K
  class space    used 5410K, capacity 5518K, committed 5632K, reserved 1048576K
Event: 103322.312 GC heap after
Heap after GC invocations=2936 (full 4):
 PSYoungGen      total 64512K, used 1472K [0x0000000715c00000, 0x0000000719d00000, 0x00000007c0000000)
  eden space 62464K, 0% used [0x0000000715c00000,0x0000000715c00000,0x0000000719900000)
  from space 2048K, 71% used [0x0000000719b00000,0x0000000719c70000,0x0000000719d00000)
  to   space 2048K, 0% used [0x0000000719900000,0x0000000719900000,0x0000000719b00000)
 ParOldGen       total 899584K, used 579356K [0x00000005c1400000, 0x00000005f8280000, 0x0000000715c00000)
  object space 899584K, 64% used [0x00000005c1400000,0x00000005e49c72e8,0x00000005f8280000)
 Metaspace       used 37302K, capacity 37584K, committed 38144K, reserved 1081344K
  class space    used 5410K, capacity 5518K, committed 5632K, reserved 1048576K
}
Event: 103367.702 GC heap before
{Heap before GC invocations=2937 (full 4):
 PSYoungGen      total 64512K, used 63936K [0x0000000715c00000, 0x0000000719d00000, 0x00000007c0000000)
  eden space 62464K, 100% used [0x0000000715c00000,0x0000000719900000,0x0000000719900000)
  from space 2048K, 71% used [0x0000000719b00000,0x0000000719c70000,0x0000000719d00000)
  to   space 2048K, 0% used [0x0000000719900000,0x0000000719900000,0x0000000719b00000)
 ParOldGen       total 899584K, used 579356K [0x00000005c1400000, 0x00000005f8280000, 0x0000000715c00000)
  object space 899584K, 64% used [0x00000005c1400000,0x00000005e49c72e8,0x00000005f8280000)
 Metaspace       used 37302K, capacity 37584K, committed 38144K, reserved 1081344K
  class space    used 5410K, capacity 5518K, committed 5632K, reserved 1048576K
Event: 103367.704 GC heap after
Heap after GC invocations=2937 (full 4):
 PSYoungGen      total 64000K, used 1440K [0x0000000715c00000, 0x0000000719c00000, 0x00000007c0000000)
  eden space 62464K, 0% used [0x0000000715c00000,0x0000000715c00000,0x0000000719900000)
  from space 1536K, 93% used [0x0000000719900000,0x0000000719a68000,0x0000000719a80000)
  to   space 1536K, 0% used [0x0000000719a80000,0x0000000719a80000,0x0000000719c00000)
 ParOldGen       total 899584K, used 579484K [0x00000005c1400000, 0x00000005f8280000, 0x0000000715c00000)
  object space 899584K, 64% used [0x00000005c1400000,0x00000005e49e72e8,0x00000005f8280000)
 Metaspace       used 37302K, capacity 37584K, committed 38144K, reserved 1081344K
  class space    used 5410K, capacity 5518K, committed 5632K, reserved 1048576K
}

