# JRE version: Java(TM) SE Runtime Environment (8.0_301-b09) (build 1.8.0_301-b09)
# Java VM: Java HotSpot(TM) 64-Bit Server VM (25.301-b09 mixed mode windows-amd64 compressed oops)
Heap:
 PSYoungGen      total 153088K, used 86197K [0x0000000715c00000, 0x0000000722900000, 0x00000007c0000000)
  eden space 131584K, 50% used [0x0000000715c00000,0x0000000719cd1b88,0x000000071dc80000)
  from space 21504K, 92% used [0x000000071dc80000,0x000000071efdb960,0x000000071f180000)
  to   space 21504K, 0% used [0x0000000721400000,0x0000000721400000,0x0000000722900000)
 ParOldGen       total 434688K, used 106016K [0x00000005c1400000, 0x00000005dbc80000, 0x0000000715c00000)
  object space 434688K, 24% used [0x00000005c1400000,0x00000005c7b880a8,0x00000005dbc80000)
 Metaspace       used 36535K, capacity 36830K, committed 37248K, reserved 1081344K
  class space    used 5357K, capacity 5461K, committed 5504K, reserved 1048576K
GC Heap History (10 events):
Event: 1.059 GC heap before
{Heap before GC invocations=1 (full 0):
 PSYoungGen      total 153088K, used 99380K [0x0000000715c00000, 0x0000000720680000, 0x00000007c0000000)
  eden space 131584K, 75% used [0x0000000715c00000,0x000000071bd0d2c8,0x000000071dc80000)
  from space 21504K, 0% used [0x000000071f180000,0x000000071f180000,0x0000000720680000)
  to   space 21504K, 0% used [0x000000071dc80000,0x000000071dc80000,0x000000071f180000)
 ParOldGen       total 349696K, used 0K [0x00000005c1400000, 0x00000005d6980000, 0x0000000715c00000)
  object space 349696K, 0% used [0x00000005c1400000,0x00000005c1400000,0x00000005d6980000)
 Metaspace       used 20841K, capacity 21034K, committed 21248K, reserved 1067008K
  class space    used 2871K, capacity 2953K, committed 3072K, reserved 1048576K
Event: 1.067 GC heap after
Heap after GC invocations=1 (full 0):
 PSYoungGen      total 153088K, used 18267K [0x0000000715c00000, 0x0000000720680000, 0x00000007c0000000)
  eden space 131584K, 0% used [0x0000000715c00000,0x0000000715c00000,0x000000071dc80000)
  from space 21504K, 84% used [0x000000071dc80000,0x000000071ee56e28,0x000000071f180000)
  to   space 21504K, 0% used [0x000000071f180000,0x000000071f180000,0x0000000720680000)
 ParOldGen       total 349696K, used 24K [0x00000005c1400000, 0x00000005d6980000, 0x0000000715c00000)
  object space 349696K, 0% used [0x00000005c1400000,0x00000005c1406000,0x00000005d6980000)
 Metaspace       used 20841K, capacity 21034K, committed 21248K, reserved 1067008K
  class space    used 2871K, capacity 2953K, committed 3072K, reserved 1048576K
}
Event: 1.067 GC heap before
{Heap before GC invocations=2 (full 1):
 PSYoungGen      total 153088K, used 18267K [0x0000000715c00000, 0x0000000720680000, 0x00000007c0000000)
  eden space 131584K, 0% used [0x0000000715c00000,0x0000000715c00000,0x000000071dc80000)
  from space 21504K, 84% used [0x000000071dc80000,0x000000071ee56e28,0x000000071f180000)
  to   space 21504K, 0% used [0x000000071f180000,0x000000071f180000,0x0000000720680000)
 ParOldGen       total 349696K, used 24K [0x00000005c1400000, 0x00000005d6980000, 0x0000000715c00000)
  object space 349696K, 0% used [0x00000005c1400000,0x00000005c1406000,0x00000005d6980000)
 Metaspace       used 20841K, capacity 21034K, committed 21248K, reserved 1067008K
  class space    used 2871K, capacity 2953K, committed 3072K, reserved 1048576K
Event: 1.088 GC heap after
Heap after GC invocations=2 (full 1):
 PSYoungGen      total 153088K, used 0K [0x0000000715c00000, 0x0000000720680000, 0x00000007c0000000)
  eden space 131584K, 0% used [0x0000000715c00000,0x0000000715c00000,0x000000071dc80000)
  from space 21504K, 0% used [0x000000071dc80000,0x000000071dc80000,0x000000071f180000)
  to   space 21504K, 0% used [0x000000071f180000,0x000000071f180000,0x0000000720680000)
 ParOldGen       total 241152K, used 17415K [0x00000005c1400000, 0x00000005cff80000, 0x0000000715c00000)
  object space 241152K, 7% used [0x00000005c1400000,0x00000005c2501f90,0x00000005cff80000)
 Metaspace       used 20841K, capacity 21034K, committed 21248K, reserved 1067008K
  class space    used 2871K, capacity 2953K, committed 3072K, reserved 1048576K
}
Event: 7.719 GC heap before
{Heap before GC invocations=3 (full 1):
 PSYoungGen      total 153088K, used 124624K [0x0000000715c00000, 0x0000000720680000, 0x00000007c0000000)
  eden space 131584K, 94% used [0x0000000715c00000,0x000000071d5b40b8,0x000000071dc80000)
  from space 21504K, 0% used [0x000000071dc80000,0x000000071dc80000,0x000000071f180000)
  to   space 21504K, 0% used [0x000000071f180000,0x000000071f180000,0x0000000720680000)
 ParOldGen       total 241152K, used 17415K [0x00000005c1400000, 0x00000005cff80000, 0x0000000715c00000)
  object space 241152K, 7% used [0x00000005c1400000,0x00000005c2501f90,0x00000005cff80000)
 Metaspace       used 34909K, capacity 35136K, committed 35416K, reserved 1079296K
  class space    used 5170K, capacity 5264K, committed 5376K, reserved 1048576K
Event: 7.733 GC heap after
Heap after GC invocations=3 (full 1):
 PSYoungGen      total 153088K, used 21498K [0x0000000715c00000, 0x0000000722280000, 0x00000007c0000000)
  eden space 131584K, 0% used [0x0000000715c00000,0x0000000715c00000,0x000000071dc80000)
  from space 21504K, 99% used [0x000000071f180000,0x000000072067ea98,0x0000000720680000)
  to   space 21504K, 0% used [0x000000071dc80000,0x000000071dc80000,0x000000071f180000)
 ParOldGen       total 241152K, used 28736K [0x00000005c1400000, 0x00000005cff80000, 0x0000000715c00000)
  object space 241152K, 11% used [0x00000005c1400000,0x00000005c3010248,0x00000005cff80000)
 Metaspace       used 34909K, capacity 35136K, committed 35416K, reserved 1079296K
  class space    used 5170K, capacity 5264K, committed 5376K, reserved 1048576K
}
Event: 7.733 GC heap before
{Heap before GC invocations=4 (full 2):
 PSYoungGen      total 153088K, used 21498K [0x0000000715c00000, 0x0000000722280000, 0x00000007c0000000)
  eden space 131584K, 0% used [0x0000000715c00000,0x0000000715c00000,0x000000071dc80000)
  from space 21504K, 99% used [0x000000071f180000,0x000000072067ea98,0x0000000720680000)
  to   space 21504K, 0% used [0x000000071dc80000,0x000000071dc80000,0x000000071f180000)
 ParOldGen       total 241152K, used 28736K [0x00000005c1400000, 0x00000005cff80000, 0x0000000715c00000)
  object space 241152K, 11% used [0x00000005c1400000,0x00000005c3010248,0x00000005cff80000)
 Metaspace       used 34909K, capacity 35136K, committed 35416K, reserved 1079296K
  class space    used 5170K, capacity 5264K, committed 5376K, reserved 1048576K
Event: 7.768 GC heap after
Heap after GC invocations=4 (full 2):
 PSYoungGen      total 153088K, used 0K [0x0000000715c00000, 0x0000000722280000, 0x00000007c0000000)
  eden space 131584K, 0% used [0x0000000715c00000,0x0000000715c00000,0x000000071dc80000)
  from space 21504K, 0% used [0x000000071f180000,0x000000071f180000,0x0000000720680000)
  to   space 21504K, 0% used [0x000000071dc80000,0x000000071dc80000,0x000000071f180000)
 ParOldGen       total 434688K, used 40472K [0x00000005c1400000, 0x00000005dbc80000, 0x0000000715c00000)
  object space 434688K, 9% used [0x00000005c1400000,0x00000005c3b86068,0x00000005dbc80000)
 Metaspace       used 34909K, capacity 35136K, committed 35416K, reserved 1079296K
  class space    used 5170K, capacity 5264K, committed 5376K, reserved 1048576K
}
Event: 12.118 GC heap before
{Heap before GC invocations=5 (full 2):
 PSYoungGen      total 153088K, used 128488K [0x0000000715c00000, 0x0000000722280000, 0x00000007c0000000)
  eden space 131584K, 97% used [0x0000000715c00000,0x000000071d97a128,0x000000071dc80000)
  from space 21504K, 0% used [0x000000071f180000,0x000000071f180000,0x0000000720680000)
  to   space 21504K, 0% used [0x000000071dc80000,0x000000071dc80000,0x000000071f180000)
 ParOldGen       total 434688K, used 40472K [0x00000005c1400000, 0x00000005dbc80000, 0x0000000715c00000)
  object space 434688K, 9% used [0x00000005c1400000,0x00000005c3b86068,0x00000005dbc80000)
 Metaspace       used 36293K, capacity 36574K, committed 36992K, reserved 1081344K
  class space    used 5351K, capacity 5461K, committed 5504K, reserved 1048576K
Event: 12.130 GC heap after
Heap after GC invocations=5 (full 2):
 PSYoungGen      total 153088K, used 19822K [0x0000000715c00000, 0x0000000722900000, 0x00000007c0000000)
  eden space 131584K, 0% used [0x0000000715c00000,0x0000000715c00000,0x000000071dc80000)
  from space 21504K, 92% used [0x000000071dc80000,0x000000071efdb960,0x000000071f180000)
  to   space 21504K, 0% used [0x0000000721400000,0x0000000721400000,0x0000000722900000)
 ParOldGen       total 434688K, used 106016K [0x00000005c1400000, 0x00000005dbc80000, 0x0000000715c00000)
  object space 434688K, 24% used [0x00000005c1400000,0x00000005c7b880a8,0x00000005dbc80000)
 Metaspace       used 36293K, capacity 36574K, committed 36992K, reserved 1081344K
  class space    used 5351K, capacity 5461K, committed 5504K, reserved 1048576K
}

